This is XeTeX, Version 3.14159265-2.6-0.99996 (TeX Live 2016) (preloaded format=xelatex 2017.1.13)  25 SEP 2017 14:30
entering extended mode
 restricted \write18 enabled.
 %&-line parsing enabled.
**\documentclass{article}.tex
(/usr/local/texlive/2016/texmf-dist/tex/latex/base/article.cls
Document Class: article 2014/09/29 v1.4h Standard LaTeX document class
(/usr/local/texlive/2016/texmf-dist/tex/latex/base/size10.clo
File: size10.clo 2014/09/29 v1.4h Standard LaTeX file (size option)
)
\c@part=\count79
\c@section=\count80
\c@subsection=\count81
\c@subsubsection=\count82
\c@paragraph=\count83
\c@subparagraph=\count84
\c@figure=\count85
\c@table=\count86
\abovecaptionskip=\skip41
\belowcaptionskip=\skip42
\bibindent=\dimen102
)

! LaTeX Error: Missing \begin{document}.

See the LaTeX manual or LaTeX Companion for explanation.
Type  H <return>  for immediate help.
 ...                                              
                                                  
<*> \documentclass{article}.
                            tex
You're in trouble here.  Try typing  <return>  to proceed.
If that doesn't work, type  X <return>  to quit.

! Emergency stop.
<*> \documentclass{article}.tex
                               
*** (job aborted, no legal \end found)

 
Here is how much of TeX's memory you used:
 191 strings out of 493591
 1983 string characters out of 6143546
 53754 words of memory out of 5000000
 3695 multiletter control sequences out of 15000+600000
 3640 words of font info for 14 fonts, out of 8000000 for 9000
 1347 hyphenation exceptions out of 8191
 22i,0n,17p,130b,36s stack positions out of 5000i,500n,10000p,200000b,80000s
No pages of output.
